f:\programming\c++\git\openglimgui\proj\openglimgui\openglimgui\debug\vc140.pdb
f:\programming\c++\git\openglimgui\proj\openglimgui\openglimgui\debug\vc140.idb
f:\programming\c++\git\openglimgui\proj\openglimgui\openglimgui\debug\gui.obj
f:\programming\c++\git\openglimgui\proj\openglimgui\openglimgui\debug\imgui.obj
f:\programming\c++\git\openglimgui\proj\openglimgui\openglimgui\debug\imgui_demo.obj
f:\programming\c++\git\openglimgui\proj\openglimgui\openglimgui\debug\imgui_draw.obj
f:\programming\c++\git\openglimgui\proj\openglimgui\openglimgui\debug\imgui_impl_glfw_gl3.obj
f:\programming\c++\git\openglimgui\proj\openglimgui\openglimgui\debug\program.obj
f:\programming\c++\git\openglimgui\proj\openglimgui\openglimgui\debug\shader.obj
f:\programming\c++\git\openglimgui\proj\openglimgui\openglimgui\debug\tiny_obj_loader.obj
f:\programming\c++\git\openglimgui\proj\openglimgui\openglimgui\debug\main.obj
f:\programming\c++\git\openglimgui\proj\openglimgui\debug\openglimgui.ilk
f:\programming\c++\git\openglimgui\proj\openglimgui\debug\openglimgui.exe
f:\programming\c++\git\openglimgui\proj\openglimgui\debug\openglimgui.pdb
f:\programming\c++\git\openglimgui\proj\openglimgui\openglimgui\debug\openglimgui.tlog\cl.command.1.tlog
f:\programming\c++\git\openglimgui\proj\openglimgui\openglimgui\debug\openglimgui.tlog\cl.read.1.tlog
f:\programming\c++\git\openglimgui\proj\openglimgui\openglimgui\debug\openglimgui.tlog\cl.write.1.tlog
f:\programming\c++\git\openglimgui\proj\openglimgui\openglimgui\debug\openglimgui.tlog\link.command.1.tlog
f:\programming\c++\git\openglimgui\proj\openglimgui\openglimgui\debug\openglimgui.tlog\link.read.1.tlog
f:\programming\c++\git\openglimgui\proj\openglimgui\openglimgui\debug\openglimgui.tlog\link.write.1.tlog
